<?xml version="1.0" encoding="UTF-8"?>
<!-- Generated by org.testng.reporters.JUnitXMLReporter -->
<testsuite hostname="DESKTOP-3063GRI" ignored="0" name="Default test" tests="1" failures="0" timestamp="27 Sep 2019 11:02:03 GMT" time="0.056" errors="0">
  <testcase name="@BeforeTest _setTheCapabilities" time="0.0" classname="com.testyentra.paytm.nativeapp.libraries.BaseLibaray">
    <failure type="org.testng.TestNGException" message="
Parameter &amp;apos;platformVersion&amp;apos; is required by BeforeTest on method _setTheCapabilities but has not been marked @Optional or defined
in C:\Users\kella\AppData\Local\Temp\testng-eclipse-278348073\testng-customsuite.xml">
      <![CDATA[org.testng.TestNGException: 
Parameter 'platformVersion' is required by BeforeTest on method _setTheCapabilities but has not been marked @Optional or defined
in C:\Users\kella\AppData\Local\Temp\testng-eclipse-278348073\testng-customsuite.xml
at org.testng.internal.Parameters.createParams(Parameters.java:290)
at org.testng.internal.Parameters.createParametersForMethod(Parameters.java:359)
at org.testng.internal.Parameters.createParameters(Parameters.java:620)
at org.testng.internal.Parameters.createConfigurationParameters(Parameters.java:190)
at org.testng.internal.Invoker.invokeConfigurations(Invoker.java:209)
at org.testng.internal.Invoker.invokeConfigurations(Invoker.java:142)
at org.testng.TestRunner.beforeRun(TestRunner.java:529)
at org.testng.TestRunner.run(TestRunner.java:497)
at org.testng.SuiteRunner.runTest(SuiteRunner.java:455)
at org.testng.SuiteRunner.runSequentially(SuiteRunner.java:450)
at org.testng.SuiteRunner.privateRun(SuiteRunner.java:415)
at org.testng.SuiteRunner.run(SuiteRunner.java:364)
at org.testng.SuiteRunnerWorker.runSuite(SuiteRunnerWorker.java:52)
at org.testng.SuiteRunnerWorker.run(SuiteRunnerWorker.java:84)
at org.testng.TestNG.runSuitesSequentially(TestNG.java:1208)
at org.testng.TestNG.runSuitesLocally(TestNG.java:1137)
at org.testng.TestNG.runSuites(TestNG.java:1049)
at org.testng.TestNG.run(TestNG.java:1017)
at org.testng.remote.AbstractRemoteTestNG.run(AbstractRemoteTestNG.java:115)
at org.testng.remote.RemoteTestNG.initAndRun(RemoteTestNG.java:251)
at org.testng.remote.RemoteTestNG.main(RemoteTestNG.java:77)
]]>
    </failure>
  </testcase> <!-- @BeforeTest _setTheCapabilities -->
  <testcase name="@BeforeClass _startServer" time="0.0" classname="com.testyentra.paytm.nativeapp.libraries.BaseLibaray">
    <skipped/>
  </testcase> <!-- @BeforeClass _startServer -->
  <testcase name="@BeforeMethod _launchApp" time="0.0" classname="com.testyentra.paytm.nativeapp.libraries.BaseLibaray">
    <skipped/>
  </testcase> <!-- @BeforeMethod _launchApp -->
  <testcase name="@AfterClass _endServer" time="0.0" classname="com.testyentra.paytm.nativeapp.libraries.BaseLibaray">
    <skipped/>
  </testcase> <!-- @AfterClass _endServer -->
  <testcase name="_addToCart" time="0.0" classname="test.Assign_001">
    <skipped/>
  </testcase> <!-- _addToCart -->
</testsuite> <!-- Default test -->
